c:\users\andre\desktop\gc completo\proyectosig_vs17_gl_fg_glm\ig1app\debug\vc141.pdb
c:\users\andre\desktop\gc completo\proyectosig_vs17_gl_fg_glm\ig1app\debug\vc141.idb
c:\users\andre\desktop\gc completo\proyectosig_vs17_gl_fg_glm\ig1app\debug\viewport.obj
c:\users\andre\desktop\gc completo\proyectosig_vs17_gl_fg_glm\ig1app\debug\texture.obj
c:\users\andre\desktop\gc completo\proyectosig_vs17_gl_fg_glm\ig1app\debug\scene.obj
c:\users\andre\desktop\gc completo\proyectosig_vs17_gl_fg_glm\ig1app\debug\pixmap32rgba.obj
c:\users\andre\desktop\gc completo\proyectosig_vs17_gl_fg_glm\ig1app\debug\mesh.obj
c:\users\andre\desktop\gc completo\proyectosig_vs17_gl_fg_glm\ig1app\debug\main.obj
c:\users\andre\desktop\gc completo\proyectosig_vs17_gl_fg_glm\ig1app\debug\light.obj
c:\users\andre\desktop\gc completo\proyectosig_vs17_gl_fg_glm\ig1app\debug\entity.obj
c:\users\andre\desktop\gc completo\proyectosig_vs17_gl_fg_glm\ig1app\debug\camera.obj
c:\users\andre\desktop\gc completo\proyectosig_vs17_gl_fg_glm\bin\ig1appdebug.exe
c:\users\andre\desktop\gc completo\proyectosig_vs17_gl_fg_glm\bin\ig1appdebug.ilk
c:\users\andre\desktop\gc completo\proyectosig_vs17_gl_fg_glm\bin\ig1appdebug.pdb
c:\users\andre\desktop\gc completo\proyectosig_vs17_gl_fg_glm\ig1app\debug\ig1app.tlog\cl.command.1.tlog
c:\users\andre\desktop\gc completo\proyectosig_vs17_gl_fg_glm\ig1app\debug\ig1app.tlog\cl.read.1.tlog
c:\users\andre\desktop\gc completo\proyectosig_vs17_gl_fg_glm\ig1app\debug\ig1app.tlog\cl.write.1.tlog
c:\users\andre\desktop\gc completo\proyectosig_vs17_gl_fg_glm\ig1app\debug\ig1app.tlog\link.command.1.tlog
c:\users\andre\desktop\gc completo\proyectosig_vs17_gl_fg_glm\ig1app\debug\ig1app.tlog\link.read.1.tlog
c:\users\andre\desktop\gc completo\proyectosig_vs17_gl_fg_glm\ig1app\debug\ig1app.tlog\link.write.1.tlog
